<?xml version="1.0" encoding="UTF-8"?>
<!-- Generated by org.testng.reporters.JUnitXMLReporter -->
<testsuite ignored="0" hostname="E0847895" failures="1" tests="3" name="methods" time="85.026" errors="0" timestamp="2022-08-06T11:45:09 EET">
  <testcase classname="Utilities.extentReportMethods" name="TestCaseOne" time="17.02"/>
  <testcase classname="Utilities.extentReportMethods" name="TestCaseThree" time="22.021">
    <skipped/>
  </testcase> <!-- TestCaseThree -->
  <testcase classname="Utilities.extentReportMethods" name="TestCaseTwo" time="15.474">
    <failure type="java.lang.AssertionError" message="expected [true] but found [false]">
      <![CDATA[java.lang.AssertionError: expected [true] but found [false]
at Utilities.extentReportMethods.TestCaseTwo(extentReportMethods.java:76)
at java.base/java.util.ArrayList.forEach(ArrayList.java:1541)
... Removed 31 stack frames]]>
    </failure>
  </testcase> <!-- TestCaseTwo -->
</testsuite> <!-- methods -->
